<?xml version="1.0" encoding="UTF-8"?>
<testsuite xmlns:xsi="http://www.w3.org/2001/XMLSchema-instance" xsi:noNamespaceSchemaLocation="https://maven.apache.org/surefire/maven-surefire-plugin/xsd/surefire-test-report-3.0.xsd" version="3.0" name="TestSuite" time="69.371" tests="6" errors="0" skipped="0" failures="0">
  <properties>
[...]
</properties>
  <testcase name="LoginTest" classname="com.inetbanking.testCases.TC_LoginTest_001" time="8.084">
    <system-out><![CDATA[ INFO [main] (BaseClass.java:52)- Initializing Chrome as Test Browser
 INFO [main] (BaseClass.java:62)- URL opened for Login Test
 INFO [main] (TC_LoginTest_001.java:21)- Enter username for Login Test
 INFO [main] (TC_LoginTest_001.java:23)- Enter password for Login Test
 INFO [main] (TC_LoginTest_001.java:25)- Login Button Clicked for Login Test
 INFO [main] (TC_LoginTest_001.java:30)- Login Test Passed
]]></system-out>
    <system-err><![CDATA[SLF4J: Failed to load class "org.slf4j.impl.StaticLoggerBinder".
SLF4J: Defaulting to no-operation (NOP) logger implementation
SLF4J: See http://www.slf4j.org/codes.html#StaticLoggerBinder for further details.
ERROR StatusLogger Log4j2 could not find a logging implementation. Please add log4j-core to the classpath. Using SimpleLogger to log to the console...
Starting ChromeDriver 110.0.5481.77 (65ed616c6e8ee3fe0ad64fe83796c020644d42af-refs/branch-heads/5481@{#839}) on port 25713
Only local connections are allowed.
Please see https://chromedriver.chromium.org/security-considerations for suggestions on keeping ChromeDriver safe.
ChromeDriver was started successfully.
[1678652022.720][WARNING]: virtual void DevToolsClientImpl::AddListener(DevToolsEventListener *) subscribing a listener to the already connected DevToolsClient. Connection notification will not arrive.
Mar 12, 2023 4:13:43 PM org.openqa.selenium.devtools.CdpVersionFinder findNearestMatch
WARNING: Unable to find an exact match for CDP version 110, so returning the closest version found: 108
]]></system-err>
  </testcase>
  <testcase name="ResetTEst" classname="com.inetbanking.testCases.TC_ResetTest_002" time="0.314">
    <system-out><![CDATA[ INFO [main] (BaseClass.java:52)- Initializing Chrome as Test Browser
 INFO [main] (BaseClass.java:62)- URL opened for Login Test
 INFO [main] (TC_ResetTest_002.java:17)- Enter username for Reset Test
 INFO [main] (TC_ResetTest_002.java:19)- Enter password for Reset Test
 INFO [main] (TC_ResetTest_002.java:21)- Reset Button Clicked for Reset Test
 INFO [main] (TC_ResetTest_002.java:25)- Reset Test Passed
]]></system-out>
    <system-err><![CDATA[Starting ChromeDriver 110.0.5481.77 (65ed616c6e8ee3fe0ad64fe83796c020644d42af-refs/branch-heads/5481@{#839}) on port 6570
Only local connections are allowed.
Please see https://chromedriver.chromium.org/security-considerations for suggestions on keeping ChromeDriver safe.
ChromeDriver was started successfully.
[1678652040.343][WARNING]: virtual void DevToolsClientImpl::AddListener(DevToolsEventListener *) subscribing a listener to the already connected DevToolsClient. Connection notification will not arrive.
Mar 12, 2023 4:14:00 PM org.openqa.selenium.devtools.CdpVersionFinder findNearestMatch
WARNING: Unable to find an exact match for CDP version 110, so returning the closest version found: 108
]]></system-err>
  </testcase>
  <testcase name="LoginTestDDT[mngr164225, jahetAp, Fail](1)" classname="com.inetbanking.testCases.TC_LoginTestDDT_003" time="9.575">
    <system-out><![CDATA[ INFO [main] (BaseClass.java:52)- Initializing Chrome as Test Browser
 INFO [main] (BaseClass.java:62)- URL opened for Login Test
 INFO [main] (TC_LoginTestDDT_003.java:20)- Enter username for DDT Login Test
 INFO [main] (TC_LoginTestDDT_003.java:22)- Enter password for DDT Login Test
 INFO [main] (TC_LoginTestDDT_003.java:24)- Login Button Clicked for DDT Login Test
 INFO [main] (TC_LoginTestDDT_003.java:31)- Wrong username/password input login failed- So Test Passed
]]></system-out>
    <system-err><![CDATA[Starting ChromeDriver 110.0.5481.77 (65ed616c6e8ee3fe0ad64fe83796c020644d42af-refs/branch-heads/5481@{#839}) on port 8143
Only local connections are allowed.
Please see https://chromedriver.chromium.org/security-considerations for suggestions on keeping ChromeDriver safe.
ChromeDriver was started successfully.
[1678652044.952][WARNING]: virtual void DevToolsClientImpl::AddListener(DevToolsEventListener *) subscribing a listener to the already connected DevToolsClient. Connection notification will not arrive.
Mar 12, 2023 4:14:05 PM org.openqa.selenium.devtools.CdpVersionFinder findNearestMatch
WARNING: Unable to find an exact match for CDP version 110, so returning the closest version found: 108
]]></system-err>
  </testcase>
  <testcase name="LoginTestDDT[mngr480239, adyrUju, Pass](2)" classname="com.inetbanking.testCases.TC_LoginTestDDT_003" time="10.144">
    <system-out><![CDATA[ INFO [main] (TC_LoginTestDDT_003.java:20)- Enter username for DDT Login Test
 INFO [main] (TC_LoginTestDDT_003.java:22)- Enter password for DDT Login Test
 INFO [main] (TC_LoginTestDDT_003.java:24)- Login Button Clicked for DDT Login Test
 INFO [main] (TC_LoginTestDDT_003.java:49)- Correct username/password input login passed- So Test Passed
 INFO [main] (TC_LoginTestDDT_003.java:84)- You Have Succesfully Logged Out!!
]]></system-out>
  </testcase>
  <testcase name="LoginTestDDT[mngr16422, jahetAa, Fail](3)" classname="com.inetbanking.testCases.TC_LoginTestDDT_003" time="9.036">
    <system-out><![CDATA[ INFO [main] (TC_LoginTestDDT_003.java:20)- Enter username for DDT Login Test
 INFO [main] (TC_LoginTestDDT_003.java:22)- Enter password for DDT Login Test
 INFO [main] (TC_LoginTestDDT_003.java:24)- Login Button Clicked for DDT Login Test
 INFO [main] (TC_LoginTestDDT_003.java:31)- Wrong username/password input login failed- So Test Passed
]]></system-out>
  </testcase>
  <testcase name="LoginTestDDT[mngr164227, jahetAq, Fail](4)" classname="com.inetbanking.testCases.TC_LoginTestDDT_003" time="10.959">
    <system-out><![CDATA[ INFO [main] (TC_LoginTestDDT_003.java:20)- Enter username for DDT Login Test
 INFO [main] (TC_LoginTestDDT_003.java:22)- Enter password for DDT Login Test
 INFO [main] (TC_LoginTestDDT_003.java:24)- Login Button Clicked for DDT Login Test
 INFO [main] (TC_LoginTestDDT_003.java:31)- Wrong username/password input login failed- So Test Passed
]]></system-out>
  </testcase>
</testsuite>