<?xml version="1.0" encoding="UTF-8"?>
<testng-results ignored="0" total="6" passed="6" failed="0" skipped="0">
  <reporter-output>
  </reporter-output>
  <suite started-at="2023-03-12T16:13:40 EDT" name="InetBankingV2" finished-at="2023-03-12T16:14:49 EDT" duration-ms="68417">
    <groups>
    </groups>
    <test started-at="2023-03-12T16:13:40 EDT" name="BankingApp V2 Test Chrome" finished-at="2023-03-12T16:14:49 EDT" duration-ms="68417">
      <class name="com.inetbanking.testCases.TC_LoginTest_001">
        <test-method is-config="true" signature="setup(java.lang.String)[pri:0, instance:com.inetbanking.testCases.TC_LoginTest_001@4a94ee4]" started-at="2023-03-12T16:13:40 EDT" name="setup" finished-at="2023-03-12T16:13:50 EDT" duration-ms="9944" status="PASS">
          <params>
            <param index="0">
              <value>
                <![CDATA[chrome]]>
              </value>
            </param>
          </params>
          <reporter-output>
          </reporter-output>
        </test-method> <!-- setup -->
        <test-method signature="LoginTest()[pri:0, instance:com.inetbanking.testCases.TC_LoginTest_001@4a94ee4]" started-at="2023-03-12T16:13:50 EDT" name="LoginTest" finished-at="2023-03-12T16:13:58 EDT" duration-ms="8071" status="PASS">
          <reporter-output>
          </reporter-output>
        </test-method> <!-- LoginTest -->
        <test-method is-config="true" signature="tearDown()[pri:0, instance:com.inetbanking.testCases.TC_LoginTest_001@4a94ee4]" started-at="2023-03-12T16:13:58 EDT" name="tearDown" finished-at="2023-03-12T16:13:59 EDT" duration-ms="207" status="PASS">
          <reporter-output>
          </reporter-output>
        </test-method> <!-- tearDown -->
      </class> <!-- com.inetbanking.testCases.TC_LoginTest_001 -->
      <class name="com.inetbanking.testCases.TC_LoginTestDDT_003">
        <test-method is-config="true" signature="setup(java.lang.String)[pri:0, instance:com.inetbanking.testCases.TC_LoginTestDDT_003@7ec7ffd3]" started-at="2023-03-12T16:14:03 EDT" name="setup" finished-at="2023-03-12T16:14:07 EDT" duration-ms="4172" status="PASS">
          <params>
            <param index="0">
              <value>
                <![CDATA[chrome]]>
              </value>
            </param>
          </params>
          <reporter-output>
          </reporter-output>
        </test-method> <!-- setup -->
        <test-method signature="LoginTestDDT(java.lang.String,java.lang.String,java.lang.String)[pri:0, instance:com.inetbanking.testCases.TC_LoginTestDDT_003@7ec7ffd3]" started-at="2023-03-12T16:14:09 EDT" name="LoginTestDDT" data-provider="logindata" finished-at="2023-03-12T16:14:18 EDT" duration-ms="9574" status="PASS">
          <params>
            <param index="0">
              <value>
                <![CDATA[mngr164225]]>
              </value>
            </param>
            <param index="1">
              <value>
                <![CDATA[jahetAp]]>
              </value>
            </param>
            <param index="2">
              <value>
                <![CDATA[Fail]]>
              </value>
            </param>
          </params>
          <reporter-output>
          </reporter-output>
        </test-method> <!-- LoginTestDDT -->
        <test-method signature="LoginTestDDT(java.lang.String,java.lang.String,java.lang.String)[pri:0, instance:com.inetbanking.testCases.TC_LoginTestDDT_003@7ec7ffd3]" started-at="2023-03-12T16:14:18 EDT" name="LoginTestDDT" data-provider="logindata" finished-at="2023-03-12T16:14:28 EDT" duration-ms="10143" status="PASS">
          <params>
            <param index="0">
              <value>
                <![CDATA[mngr480239]]>
              </value>
            </param>
            <param index="1">
              <value>
                <![CDATA[adyrUju]]>
              </value>
            </param>
            <param index="2">
              <value>
                <![CDATA[Pass]]>
              </value>
            </param>
          </params>
          <reporter-output>
          </reporter-output>
        </test-method> <!-- LoginTestDDT -->
        <test-method signature="LoginTestDDT(java.lang.String,java.lang.String,java.lang.String)[pri:0, instance:com.inetbanking.testCases.TC_LoginTestDDT_003@7ec7ffd3]" started-at="2023-03-12T16:14:28 EDT" name="LoginTestDDT" data-provider="logindata" finished-at="2023-03-12T16:14:37 EDT" duration-ms="9035" status="PASS">
          <params>
            <param index="0">
              <value>
                <![CDATA[mngr16422]]>
              </value>
            </param>
            <param index="1">
              <value>
                <![CDATA[jahetAa]]>
              </value>
            </param>
            <param index="2">
              <value>
                <![CDATA[Fail]]>
              </value>
            </param>
          </params>
          <reporter-output>
          </reporter-output>
        </test-method> <!-- LoginTestDDT -->
        <test-method signature="LoginTestDDT(java.lang.String,java.lang.String,java.lang.String)[pri:0, instance:com.inetbanking.testCases.TC_LoginTestDDT_003@7ec7ffd3]" started-at="2023-03-12T16:14:37 EDT" name="LoginTestDDT" data-provider="logindata" finished-at="2023-03-12T16:14:48 EDT" duration-ms="10958" status="PASS">
          <params>
            <param index="0">
              <value>
                <![CDATA[mngr164227]]>
              </value>
            </param>
            <param index="1">
              <value>
                <![CDATA[jahetAq]]>
              </value>
            </param>
            <param index="2">
              <value>
                <![CDATA[Fail]]>
              </value>
            </param>
          </params>
          <reporter-output>
          </reporter-output>
        </test-method> <!-- LoginTestDDT -->
        <test-method is-config="true" signature="tearDown()[pri:0, instance:com.inetbanking.testCases.TC_LoginTestDDT_003@7ec7ffd3]" started-at="2023-03-12T16:14:48 EDT" name="tearDown" finished-at="2023-03-12T16:14:49 EDT" duration-ms="178" status="PASS">
          <reporter-output>
          </reporter-output>
        </test-method> <!-- tearDown -->
      </class> <!-- com.inetbanking.testCases.TC_LoginTestDDT_003 -->
      <class name="com.inetbanking.testCases.TC_ResetTest_002">
        <test-method is-config="true" signature="setup(java.lang.String)[pri:0, instance:com.inetbanking.testCases.TC_ResetTest_002@5876a9af]" started-at="2023-03-12T16:13:59 EDT" name="setup" finished-at="2023-03-12T16:14:03 EDT" duration-ms="3920" status="PASS">
          <params>
            <param index="0">
              <value>
                <![CDATA[chrome]]>
              </value>
            </param>
          </params>
          <reporter-output>
          </reporter-output>
        </test-method> <!-- setup -->
        <test-method signature="ResetTEst()[pri:0, instance:com.inetbanking.testCases.TC_ResetTest_002@5876a9af]" started-at="2023-03-12T16:14:03 EDT" name="ResetTEst" finished-at="2023-03-12T16:14:03 EDT" duration-ms="314" status="PASS">
          <reporter-output>
          </reporter-output>
        </test-method> <!-- ResetTEst -->
        <test-method is-config="true" signature="tearDown()[pri:0, instance:com.inetbanking.testCases.TC_ResetTest_002@5876a9af]" started-at="2023-03-12T16:14:03 EDT" name="tearDown" finished-at="2023-03-12T16:14:03 EDT" duration-ms="117" status="PASS">
          <reporter-output>
          </reporter-output>
        </test-method> <!-- tearDown -->
      </class> <!-- com.inetbanking.testCases.TC_ResetTest_002 -->
    </test> <!-- BankingApp V2 Test Chrome -->
  </suite> <!-- InetBankingV2 -->
</testng-results>
