<?xml version="1.0" encoding="UTF-8"?>
<!-- Generated by org.testng.reporters.JUnitXMLReporter -->
<testsuite ignored="0" hostname="LAPTOP-GOMNDAJA" failures="0" tests="6" name="BankingApp V2 Test Chrome" time="68.417" errors="0" timestamp="2023-03-12T16:14:49 EDT">
  <testcase classname="com.inetbanking.testCases.TC_LoginTest_001" name="LoginTest" time="8.071"/>
  <testcase classname="com.inetbanking.testCases.TC_ResetTest_002" name="ResetTEst" time="0.314"/>
  <testcase classname="com.inetbanking.testCases.TC_LoginTestDDT_003" name="LoginTestDDT" time="9.574"/>
  <testcase classname="com.inetbanking.testCases.TC_LoginTestDDT_003" name="LoginTestDDT" time="10.143"/>
  <testcase classname="com.inetbanking.testCases.TC_LoginTestDDT_003" name="LoginTestDDT" time="9.035"/>
  <testcase classname="com.inetbanking.testCases.TC_LoginTestDDT_003" name="LoginTestDDT" time="10.958"/>
</testsuite> <!-- BankingApp V2 Test Chrome -->
